<?xml version="1.0" encoding="UTF-8"?>
<testng-results ignored="0" total="1" passed="1" failed="0" skipped="0">
  <reporter-output>
  </reporter-output>
  <suite started-at="2024-07-19T11:28:56 WAT" name="Default suite" finished-at="2024-07-19T11:29:42 WAT" duration-ms="46121">
    <groups>
    </groups>
    <test started-at="2024-07-19T11:28:56 WAT" name="Default test" finished-at="2024-07-19T11:29:42 WAT" duration-ms="46121">
      <class name="iOSTest.Gestures">
        <test-method is-config="true" signature="setup()[pri:0, instance:iOSTest.Gestures@791f145a]" started-at="2024-07-19T11:28:56 WAT" name="setup" finished-at="2024-07-19T11:29:01 WAT" duration-ms="5116" status="PASS">
          <reporter-output>
          </reporter-output>
        </test-method> <!-- setup -->
        <test-method signature="Setup()[pri:0, instance:iOSTest.Gestures@791f145a]" started-at="2024-07-19T11:29:01 WAT" name="Setup" finished-at="2024-07-19T11:29:41 WAT" duration-ms="39872" status="PASS">
          <reporter-output>
          </reporter-output>
        </test-method> <!-- Setup -->
        <test-method is-config="true" signature="tearDown()[pri:0, instance:iOSTest.Gestures@791f145a]" started-at="2024-07-19T11:29:41 WAT" name="tearDown" finished-at="2024-07-19T11:29:42 WAT" duration-ms="1075" status="PASS">
          <reporter-output>
          </reporter-output>
        </test-method> <!-- tearDown -->
      </class> <!-- iOSTest.Gestures -->
    </test> <!-- Default test -->
  </suite> <!-- Default suite -->
</testng-results>
